Using pre-set license
Built from '2021.3/staging' branch; Version is '2021.3.2f1 (d6360bedb9a0) revision 14038539'; Using compiler version '192829333'; Build Type 'Release'
OS: 'Windows 10  (10.0.19044) 64bit Core' Language: 'en' Physical Memory: 16294 MB
BatchMode: 1, IsHumanControllingUs: 0, StartBugReporterOnCrash: 0, Is64bit: 1, IsPro: 1

COMMAND LINE ARGUMENTS:
D:\Unity Editor\2021.3.2f1\Editor\Unity.exe
-adb2
-batchMode
-noUpm
-name
AssetImportWorker0
-projectPath
D:/Unity Projects/Task
-logFile
Logs/AssetImportWorker0.log
-srvPort
64275
Successfully changed project path to: D:/Unity Projects/Task
D:/Unity Projects/Task
[UnityMemory] Configuration Parameters - Can be set up in boot.config
    "memorysetup-bucket-allocator-granularity=16"
    "memorysetup-bucket-allocator-bucket-count=8"
    "memorysetup-bucket-allocator-block-size=33554432"
    "memorysetup-bucket-allocator-block-count=8"
    "memorysetup-main-allocator-block-size=16777216"
    "memorysetup-thread-allocator-block-size=16777216"
    "memorysetup-gfx-main-allocator-block-size=16777216"
    "memorysetup-gfx-thread-allocator-block-size=16777216"
    "memorysetup-cache-allocator-block-size=4194304"
    "memorysetup-typetree-allocator-block-size=2097152"
    "memorysetup-profiler-bucket-allocator-granularity=16"
    "memorysetup-profiler-bucket-allocator-bucket-count=8"
    "memorysetup-profiler-bucket-allocator-block-size=33554432"
    "memorysetup-profiler-bucket-allocator-block-count=8"
    "memorysetup-profiler-allocator-block-size=16777216"
    "memorysetup-profiler-editor-allocator-block-size=1048576"
    "memorysetup-temp-allocator-size-main=16777216"
    "memorysetup-job-temp-allocator-block-size=2097152"
    "memorysetup-job-temp-allocator-block-size-background=1048576"
    "memorysetup-job-temp-allocator-reduction-small-platforms=262144"
    "memorysetup-temp-allocator-size-background-worker=32768"
    "memorysetup-temp-allocator-size-job-worker=262144"
    "memorysetup-temp-allocator-size-preload-manager=33554432"
    "memorysetup-temp-allocator-size-nav-mesh-worker=65536"
    "memorysetup-temp-allocator-size-audio-worker=65536"
    "memorysetup-temp-allocator-size-cloud-worker=32768"
    "memorysetup-temp-allocator-size-gi-baking-worker=262144"
    "memorysetup-temp-allocator-size-gfx=262144"
Refreshing native plugins compatible for Editor in 83.89 ms, found 3 plugins.
Preloading 0 native plugins for Editor in 0.00 ms.
Initialize engine version: 2021.3.2f1 (d6360bedb9a0)
[Subsystems] Discovering subsystems at path D:/Unity Editor/2021.3.2f1/Editor/Data/Resources/UnitySubsystems
[Subsystems] Discovering subsystems at path D:/Unity Projects/Task/Assets
GfxDevice: creating device client; threaded=0; jobified=0
Direct3D:
    Version:  Direct3D 11.0 [level 11.1]
    Renderer: NVIDIA GeForce GTX 1660 Ti (ID=0x2191)
    Vendor:   NVIDIA
    VRAM:     5991 MB
    Driver:   31.0.15.1659
Initialize mono
Mono path[0] = 'D:/Unity Editor/2021.3.2f1/Editor/Data/Managed'
Mono path[1] = 'D:/Unity Editor/2021.3.2f1/Editor/Data/MonoBleedingEdge/lib/mono/unityjit-win32'
Mono config path = 'D:/Unity Editor/2021.3.2f1/Editor/Data/MonoBleedingEdge/etc'
Using monoOptions --debugger-agent=transport=dt_socket,embedding=1,server=y,suspend=n,address=127.0.0.1:56640
Begin MonoManager ReloadAssembly
Registering precompiled unity dll's ...
Register platform support module: D:/Unity Editor/2021.3.2f1/Editor/Data/PlaybackEngines/WebGLSupport/UnityEditor.WebGL.Extensions.dll
Register platform support module: D:/Unity Editor/2021.3.2f1/Editor/Data/PlaybackEngines/MacStandaloneSupport/UnityEditor.OSXStandalone.Extensions.dll
Register platform support module: D:/Unity Editor/2021.3.2f1/Editor/Data/PlaybackEngines/AndroidPlayer/UnityEditor.Android.Extensions.dll
Register platform support module: D:/Unity Editor/2021.3.2f1/Editor/Data/PlaybackEngines/iOSSupport/UnityEditor.iOS.Extensions.dll
Register platform support module: D:/Unity Editor/2021.3.2f1/Editor/Data/PlaybackEngines/AppleTVSupport/UnityEditor.AppleTV.Extensions.dll
Register platform support module: D:/Unity Editor/2021.3.2f1/Editor/Data/PlaybackEngines/WindowsStandaloneSupport/UnityEditor.WindowsStandalone.Extensions.dll
Register platform support module: D:/Unity Editor/2021.3.2f1/Editor/Data/PlaybackEngines/LinuxStandaloneSupport/UnityEditor.LinuxStandalone.Extensions.dll
Register platform support module: D:/Unity Editor/2021.3.2f1/Editor/Data/PlaybackEngines/MetroSupport/UnityEditor.UWP.Extensions.dll
Registered in 0.006467 seconds.
Native extension for UWP target not found
Native extension for LinuxStandalone target not found
Native extension for WindowsStandalone target not found
[usbmuxd] Start listen thread
[usbmuxd] Listen thread started
Native extension for AppleTV target not found
[usbmuxd] Start listen thread
[usbmuxd] Listen thread started
Native extension for iOS target not found
Native extension for Android target not found
Native extension for OSXStandalone target not found
Native extension for WebGL target not found
Refreshing native plugins compatible for Editor in 80.91 ms, found 3 plugins.
Preloading 0 native plugins for Editor in 0.00 ms.
Mono: successfully reloaded assembly
- Completed reload, in  0.688 seconds
Domain Reload Profiling:
	ReloadAssembly (689ms)
		BeginReloadAssembly (93ms)
			ExecutionOrderSort (0ms)
			DisableScriptedObjects (0ms)
			BackupInstance (0ms)
			ReleaseScriptingObjects (0ms)
			CreateAndSetChildDomain (1ms)
		EndReloadAssembly (482ms)
			LoadAssemblies (95ms)
			RebuildTransferFunctionScriptingTraits (0ms)
			SetupTypeCache (114ms)
			ReleaseScriptCaches (0ms)
			RebuildScriptCaches (30ms)
			SetupLoadedEditorAssemblies (290ms)
				LogAssemblyErrors (0ms)
				InitializePlatformSupportModulesInManaged (68ms)
				SetLoadedEditorAssemblies (0ms)
				RefreshPlugins (81ms)
				BeforeProcessingInitializeOnLoad (1ms)
				ProcessInitializeOnLoadAttributes (93ms)
				ProcessInitializeOnLoadMethodAttributes (45ms)
				AfterProcessingInitializeOnLoad (0ms)
				EditorAssembliesLoaded (0ms)
			ExecutionOrderSort2 (0ms)
			AwakeInstancesAfterBackupRestoration (0ms)
Platform modules already initialized, skipping
Registering precompiled user dll's ...
Registered in 0.005153 seconds.
Begin MonoManager ReloadAssembly
Symbol file LoadedFromMemory doesn't match image D:\Unity Projects\Task\Library\PackageCache\com.unity.visualscripting@1.7.6\Editor\VisualScripting.Core\Dependencies\YamlDotNet\Unity.VisualScripting.YamlDotNet.dll
Symbol file LoadedFromMemory doesn't match image D:\Unity Projects\Task\Library\PackageCache\com.unity.visualscripting@1.7.6\Editor\VisualScripting.Core\Dependencies\DotNetZip\Unity.VisualScripting.IonicZip.dll
Native extension for UWP target not found
Native extension for LinuxStandalone target not found
Native extension for WindowsStandalone target not found
Native extension for AppleTV target not found
Native extension for iOS target not found
Native extension for Android target not found
Native extension for OSXStandalone target not found
Native extension for WebGL target not found
Refreshing native plugins compatible for Editor in 0.49 ms, found 3 plugins.
Preloading 0 native plugins for Editor in 0.00 ms.
Mono: successfully reloaded assembly
- Completed reload, in  1.151 seconds
Domain Reload Profiling:
	ReloadAssembly (1152ms)
		BeginReloadAssembly (242ms)
			ExecutionOrderSort (0ms)
			DisableScriptedObjects (6ms)
			BackupInstance (0ms)
			ReleaseScriptingObjects (0ms)
			CreateAndSetChildDomain (135ms)
		EndReloadAssembly (790ms)
			LoadAssemblies (101ms)
			RebuildTransferFunctionScriptingTraits (0ms)
			SetupTypeCache (267ms)
			ReleaseScriptCaches (1ms)
			RebuildScriptCaches (50ms)
			SetupLoadedEditorAssemblies (351ms)
				LogAssemblyErrors (0ms)
				InitializePlatformSupportModulesInManaged (27ms)
				SetLoadedEditorAssemblies (0ms)
				RefreshPlugins (1ms)
				BeforeProcessingInitializeOnLoad (81ms)
				ProcessInitializeOnLoadAttributes (212ms)
				ProcessInitializeOnLoadMethodAttributes (27ms)
				AfterProcessingInitializeOnLoad (3ms)
				EditorAssembliesLoaded (0ms)
			ExecutionOrderSort2 (0ms)
			AwakeInstancesAfterBackupRestoration (8ms)
Platform modules already initialized, skipping
========================================================================
Worker process is ready to serve import requests
Launched and connected shader compiler UnityShaderCompiler.exe after 0.04 seconds
Refreshing native plugins compatible for Editor in 0.69 ms, found 3 plugins.
Preloading 0 native plugins for Editor in 0.00 ms.
Unloading 3360 Unused Serialized files (Serialized files now loaded: 0)
Unloading 26 unused Assets / (112.5 KB). Loaded Objects now: 3819.
Memory consumption went from 115.7 MB to 115.6 MB.
Total: 3.554500 ms (FindLiveObjects: 0.278900 ms CreateObjectMapping: 0.201100 ms MarkObjects: 2.917300 ms  DeleteObjects: 0.155900 ms)

AssetImportParameters requested are different than current active one (requested -> active):
  custom:video-decoder-ogg-theora: a1e56fd34408186e4bbccfd4996cb3dc -> 
  custom:container-muxer-webm: aa71ff27fc2769a1b78a27578f13a17b -> 
  custom:container-demuxer-webm: 4f35f7cbe854078d1ac9338744f61a02 -> 
  custom:video-encoder-webm-vp8: eb34c28f22e8b96e1ab97ce403110664 -> 
  custom:video-codec-MediaFoundation-h265: 746d11721c4dcdbdad8f713fa42b33f4 -> 
  custom:audio-encoder-webm-vorbis: bf7c407c2cedff20999df2af8eb42d56 -> 
  custom:framework-win-MediaFoundation: 216162199b28c13a410421893ffa2e32 -> 
  custom:container-demuxer-ogg: 62fdf1f143b41e24485cea50d1cbac27 -> 
  custom:video-decoder-webm-vp8: 9c59270c3fd7afecdb556c50c9e8de78 -> 
  custom:audio-decoder-ogg-vorbis: bf7c407c2cedff20999df2af8eb42d56 -> 
========================================================================
Received Import Request.
  Time since last request: 1395531.038490 seconds.
  path: Assets/kitchen.fbx
  artifactKey: Guid(21b3007816cf803489dc49ebe0227203) Importer(815301076,1909f56bfc062723c751e8b465ee728b)
Start importing Assets/kitchen.fbx using Guid(21b3007816cf803489dc49ebe0227203) Importer(815301076,1909f56bfc062723c751e8b465ee728b)  -> (artifact id: 'bea885a740a55112e6386bf567580143') in 0.785140 seconds 
========================================================================
Received Import Request.
  Time since last request: 111.698057 seconds.
  path: Assets/Scenes
  artifactKey: Guid(6ea315d0fd7389c41b19996891e99ae3) Importer(815301076,1909f56bfc062723c751e8b465ee728b)
Start importing Assets/Scenes using Guid(6ea315d0fd7389c41b19996891e99ae3) Importer(815301076,1909f56bfc062723c751e8b465ee728b)  -> (artifact id: 'b8193726cff86800c54781cdc6d54904') in 0.006791 seconds 
========================================================================
Received Import Request.
  Time since last request: 1.260344 seconds.
  path: Assets/Scenes/SampleScene.unity
  artifactKey: Guid(9fc0d4010bbf28b4594072e72b8655ab) Importer(815301076,1909f56bfc062723c751e8b465ee728b)
Start importing Assets/Scenes/SampleScene.unity using Guid(9fc0d4010bbf28b4594072e72b8655ab) Importer(815301076,1909f56bfc062723c751e8b465ee728b)  -> (artifact id: 'e55ccaa32d8e5c1de03c07a5412c8c3c') in 0.005927 seconds 
========================================================================
Received Import Request.
  Time since last request: 134.622791 seconds.
  path: Assets/kitchen 1.fbx
  artifactKey: Guid(831960ce701b8d041a4fea02c366719f) Importer(815301076,1909f56bfc062723c751e8b465ee728b)
Start importing Assets/kitchen 1.fbx using Guid(831960ce701b8d041a4fea02c366719f) Importer(815301076,1909f56bfc062723c751e8b465ee728b)  -> (artifact id: '54f33c67ea5f45998e8bc661f262154b') in 0.176777 seconds 
========================================================================
Received Import Request.
  Time since last request: 149.428616 seconds.
  path: Assets/kitchen_textures
  artifactKey: Guid(3f4a933d5d9e60c4a80126b4f23ad1b9) Importer(815301076,1909f56bfc062723c751e8b465ee728b)
Start importing Assets/kitchen_textures using Guid(3f4a933d5d9e60c4a80126b4f23ad1b9) Importer(815301076,1909f56bfc062723c751e8b465ee728b)  -> (artifact id: '9ee730d8616a2b401728cde28ff832aa') in 0.007613 seconds 
========================================================================
Received Import Request.
  Time since last request: 0.045029 seconds.
  path: Assets/kitchen_textures/back_splash_bake.png
  artifactKey: Guid(32a06a26066d70f4a912a20c2dd97454) Importer(815301076,1909f56bfc062723c751e8b465ee728b)
Start importing Assets/kitchen_textures/back_splash_bake.png using Guid(32a06a26066d70f4a912a20c2dd97454) Importer(815301076,1909f56bfc062723c751e8b465ee728b)  -> (artifact id: '382002ada784b2667819e5bfa9613fe2') in 0.035104 seconds 
========================================================================
Received Import Request.
  Time since last request: 0.000021 seconds.
  path: Assets/kitchen_textures/glass_bake.jpg
  artifactKey: Guid(307eca70828a16d4eb48a9f52af9c010) Importer(815301076,1909f56bfc062723c751e8b465ee728b)
Start importing Assets/kitchen_textures/glass_bake.jpg using Guid(307eca70828a16d4eb48a9f52af9c010) Importer(815301076,1909f56bfc062723c751e8b465ee728b)  -> (artifact id: '4965522b45fe075111a2b6e4a9d43d6d') in 0.022659 seconds 
========================================================================
Received Import Request.
  Time since last request: 0.000019 seconds.
  path: Assets/kitchen_textures/floor_bake.png
  artifactKey: Guid(2e2314c43107afb439eb1e46f638a51b) Importer(815301076,1909f56bfc062723c751e8b465ee728b)
Start importing Assets/kitchen_textures/floor_bake.png using Guid(2e2314c43107afb439eb1e46f638a51b) Importer(815301076,1909f56bfc062723c751e8b465ee728b)  -> (artifact id: 'e39f2cf824b482bda0bc64b1fe747629') in 0.030066 seconds 
========================================================================
Received Import Request.
  Time since last request: 0.000020 seconds.
  path: Assets/kitchen_textures/shelf_bake.png
  artifactKey: Guid(116fa4acd9e04784dbdb7bf87d8737a6) Importer(815301076,1909f56bfc062723c751e8b465ee728b)
Start importing Assets/kitchen_textures/shelf_bake.png using Guid(116fa4acd9e04784dbdb7bf87d8737a6) Importer(815301076,1909f56bfc062723c751e8b465ee728b)  -> (artifact id: 'f1a815db35af97b38c0a9358232039bc') in 0.020965 seconds 
========================================================================
Received Import Request.
  Time since last request: 0.000016 seconds.
  path: Assets/kitchen_textures/wall_bake.jpg
  artifactKey: Guid(2181b7e590d2f8042934fe6ab559face) Importer(815301076,1909f56bfc062723c751e8b465ee728b)
Start importing Assets/kitchen_textures/wall_bake.jpg using Guid(2181b7e590d2f8042934fe6ab559face) Importer(815301076,1909f56bfc062723c751e8b465ee728b)  -> (artifact id: 'edcb43a3189a9d6f94c706882b7b078e') in 0.033369 seconds 
========================================================================
Received Import Request.
  Time since last request: 0.000048 seconds.
  path: Assets/kitchen_textures/props_bake.jpg
  artifactKey: Guid(3b65ebea3d42a6a499d9579bcc55cab0) Importer(815301076,1909f56bfc062723c751e8b465ee728b)
Start importing Assets/kitchen_textures/props_bake.jpg using Guid(3b65ebea3d42a6a499d9579bcc55cab0) Importer(815301076,1909f56bfc062723c751e8b465ee728b)  -> (artifact id: '03371182942acdaa96c08e7e6d266db4') in 0.024238 seconds 
========================================================================
Received Import Request.
  Time since last request: 0.000021 seconds.
  path: Assets/kitchen_textures/wall_cladding_bake.png
  artifactKey: Guid(4cd475a10d525de418a5aae5412b9632) Importer(815301076,1909f56bfc062723c751e8b465ee728b)
Start importing Assets/kitchen_textures/wall_cladding_bake.png using Guid(4cd475a10d525de418a5aae5412b9632) Importer(815301076,1909f56bfc062723c751e8b465ee728b)  -> (artifact id: '8d9d54c5632a067261f40f630b30f069') in 0.031740 seconds 
========================================================================
Received Import Request.
  Time since last request: 0.000031 seconds.
  path: Assets/kitchen_textures/counter_top_bake.png
  artifactKey: Guid(3b183fd3483557549a4b5d6f7854ea65) Importer(815301076,1909f56bfc062723c751e8b465ee728b)
Start importing Assets/kitchen_textures/counter_top_bake.png using Guid(3b183fd3483557549a4b5d6f7854ea65) Importer(815301076,1909f56bfc062723c751e8b465ee728b)  -> (artifact id: '9549ccc8403794b7cd43853eec1d276b') in 0.025230 seconds 
Editor requested this worker to shutdown with reason: Scaling down because of idle timeout
AssetImportWorker is now disconnected from the server
Process exiting
Exiting without the bug reporter. Application will terminate with return code 0